<?xml version="1.0" encoding="UTF-8" ?>
<testsuite failures="0" time="0.053" errors="0" skipped="0" tests="1" name="edu.stthomas.gps.AppTest">
  <properties>
    <property name="java.runtime.name" value="Java(TM) SE Runtime Environment"/>
    <property name="sun.boot.library.path" value="/Library/Java/JavaVirtualMachines/jdk1.7.0_07.jdk/Contents/Home/jre/lib"/>
    <property name="java.vm.version" value="23.3-b01"/>
    <property name="gopherProxySet" value="false"/>
    <property name="java.vm.vendor" value="Oracle Corporation"/>
    <property name="java.vendor.url" value="http://java.oracle.com/"/>
    <property name="path.separator" value=":"/>
    <property name="java.vm.name" value="Java HotSpot(TM) 64-Bit Server VM"/>
    <property name="file.encoding.pkg" value="sun.io"/>
    <property name="user.country" value="US"/>
    <property name="sun.java.launcher" value="SUN_STANDARD"/>
    <property name="sun.os.patch.level" value="unknown"/>
    <property name="java.vm.specification.name" value="Java Virtual Machine Specification"/>
    <property name="user.dir" value="/Users/Brad/Dropbox/workspace/NeuroHadoop"/>
    <property name="java.runtime.version" value="1.7.0_07-b10"/>
    <property name="java.awt.graphicsenv" value="sun.awt.CGraphicsEnvironment"/>
    <property name="basedir" value="/Users/Brad/Dropbox/workspace/NeuroHadoop"/>
    <property name="java.endorsed.dirs" value="/Library/Java/JavaVirtualMachines/jdk1.7.0_07.jdk/Contents/Home/jre/lib/endorsed"/>
    <property name="os.arch" value="x86_64"/>
    <property name="surefire.real.class.path" value="/Users/Brad/Dropbox/workspace/NeuroHadoop/target/surefire/surefirebooter8759298786219562889.jar"/>
    <property name="java.io.tmpdir" value="/var/folders/l1/9ry3tbj120x__hk73gn_c5gw0000gp/T/"/>
    <property name="line.separator" value="
"/>
    <property name="java.vm.specification.vendor" value="Oracle Corporation"/>
    <property name="os.name" value="Mac OS X"/>
    <property name="sun.jnu.encoding" value="UTF-8"/>
    <property name="java.library.path" value="/Users/Brad/Library/Java/Extensions:/Library/Java/Extensions:/Network/Library/Java/Extensions:/System/Library/Java/Extensions:/usr/lib/java:."/>
    <property name="surefire.test.class.path" value="/Users/Brad/Dropbox/workspace/NeuroHadoop/target/test-classes:/Users/Brad/Dropbox/workspace/NeuroHadoop/target/classes:/Users/Brad/.m2/repository/junit/junit/4.11/junit-4.11.jar:/Users/Brad/.m2/repository/org/hamcrest/hamcrest-core/1.3/hamcrest-core-1.3.jar:/Users/Brad/.m2/repository/org/apache/hadoop/hadoop-client/2.0.0-mr1-cdh4.3.1/hadoop-client-2.0.0-mr1-cdh4.3.1.jar:/Users/Brad/.m2/repository/org/apache/hadoop/hadoop-common/2.0.0-cdh4.3.1/hadoop-common-2.0.0-cdh4.3.1.jar:/Users/Brad/.m2/repository/org/apache/hadoop/hadoop-annotations/2.0.0-cdh4.3.1/hadoop-annotations-2.0.0-cdh4.3.1.jar:/Users/Brad/.m2/repository/org/apache/commons/commons-math/2.1/commons-math-2.1.jar:/Users/Brad/.m2/repository/xmlenc/xmlenc/0.52/xmlenc-0.52.jar:/Users/Brad/.m2/repository/commons-codec/commons-codec/1.4/commons-codec-1.4.jar:/Users/Brad/.m2/repository/commons-io/commons-io/2.1/commons-io-2.1.jar:/Users/Brad/.m2/repository/commons-net/commons-net/3.1/commons-net-3.1.jar:/Users/Brad/.m2/repository/commons-el/commons-el/1.0/commons-el-1.0.jar:/Users/Brad/.m2/repository/org/codehaus/jackson/jackson-core-asl/1.8.8/jackson-core-asl-1.8.8.jar:/Users/Brad/.m2/repository/org/codehaus/jackson/jackson-mapper-asl/1.8.8/jackson-mapper-asl-1.8.8.jar:/Users/Brad/.m2/repository/org/mockito/mockito-all/1.8.5/mockito-all-1.8.5.jar:/Users/Brad/.m2/repository/org/apache/avro/avro/1.7.4/avro-1.7.4.jar:/Users/Brad/.m2/repository/com/thoughtworks/paranamer/paranamer/2.3/paranamer-2.3.jar:/Users/Brad/.m2/repository/org/xerial/snappy/snappy-java/1.0.4.1/snappy-java-1.0.4.1.jar:/Users/Brad/.m2/repository/org/apache/commons/commons-compress/1.4.1/commons-compress-1.4.1.jar:/Users/Brad/.m2/repository/org/tukaani/xz/1.0/xz-1.0.jar:/Users/Brad/.m2/repository/com/google/protobuf/protobuf-java/2.4.0a/protobuf-java-2.4.0a.jar:/Users/Brad/.m2/repository/org/apache/hadoop/hadoop-auth/2.0.0-cdh4.3.1/hadoop-auth-2.0.0-cdh4.3.1.jar:/Users/Brad/.m2/repository/com/jcraft/jsch/0.1.42/jsch-0.1.42.jar:/Users/Brad/.m2/repository/org/apache/hadoop/hadoop-hdfs/2.0.0-cdh4.3.1/hadoop-hdfs-2.0.0-cdh4.3.1.jar:/Users/Brad/.m2/repository/com/sun/jersey/jersey-core/1.8/jersey-core-1.8.jar:/Users/Brad/.m2/repository/com/sun/jersey/jersey-server/1.8/jersey-server-1.8.jar:/Users/Brad/.m2/repository/commons-cli/commons-cli/1.2/commons-cli-1.2.jar:/Users/Brad/.m2/repository/org/apache/hadoop/hadoop-core/2.0.0-mr1-cdh4.3.1/hadoop-core-2.0.0-mr1-cdh4.3.1.jar:/Users/Brad/.m2/repository/hsqldb/hsqldb/1.8.0.10/hsqldb-1.8.0.10.jar:/Users/Brad/.m2/repository/org/apache/hive/hive-exec/0.10.0-cdh4.3.1/hive-exec-0.10.0-cdh4.3.1.jar:/Users/Brad/.m2/repository/org/apache/hive/hive-metastore/0.10.0-cdh4.3.1/hive-metastore-0.10.0-cdh4.3.1.jar:/Users/Brad/.m2/repository/org/apache/hive/hive-serde/0.10.0-cdh4.3.1/hive-serde-0.10.0-cdh4.3.1.jar:/Users/Brad/.m2/repository/org/apache/hive/hive-common/0.10.0-cdh4.3.1/hive-common-0.10.0-cdh4.3.1.jar:/Users/Brad/.m2/repository/org/apache/avro/avro-mapred/1.7.4/avro-mapred-1.7.4-hadoop2.jar:/Users/Brad/.m2/repository/org/apache/avro/avro-ipc/1.7.4/avro-ipc-1.7.4.jar:/Users/Brad/.m2/repository/org/mortbay/jetty/jetty/6.1.26/jetty-6.1.26.jar:/Users/Brad/.m2/repository/org/mortbay/jetty/jetty-util/6.1.26/jetty-util-6.1.26.jar:/Users/Brad/.m2/repository/io/netty/netty/3.4.0.Final/netty-3.4.0.Final.jar:/Users/Brad/.m2/repository/org/apache/velocity/velocity/1.7/velocity-1.7.jar:/Users/Brad/.m2/repository/org/mortbay/jetty/servlet-api/2.5-20081211/servlet-api-2.5-20081211.jar:/Users/Brad/.m2/repository/org/apache/avro/avro-ipc/1.7.4/avro-ipc-1.7.4-tests.jar:/Users/Brad/.m2/repository/commons-dbcp/commons-dbcp/1.4/commons-dbcp-1.4.jar:/Users/Brad/.m2/repository/commons-pool/commons-pool/1.5.4/commons-pool-1.5.4.jar:/Users/Brad/.m2/repository/javax/jdo/jdo2-api/2.3-ec/jdo2-api-2.3-ec.jar:/Users/Brad/.m2/repository/javax/transaction/jta/1.1/jta-1.1.jar:/Users/Brad/.m2/repository/org/apache/thrift/libfb303/0.9.0/libfb303-0.9.0.jar:/Users/Brad/.m2/repository/asm/asm/3.2/asm-3.2.jar:/Users/Brad/.m2/repository/org/apache/hive/hive-shims/0.10.0-cdh4.3.1/hive-shims-0.10.0-cdh4.3.1.jar:/Users/Brad/.m2/repository/org/apache/hive/hive-contrib/0.10.0-cdh4.3.1/hive-contrib-0.10.0-cdh4.3.1.jar:/Users/Brad/.m2/repository/org/antlr/antlr/3.4/antlr-3.4.jar:/Users/Brad/.m2/repository/org/antlr/ST4/4.0.4/ST4-4.0.4.jar:/Users/Brad/.m2/repository/org/antlr/antlr-runtime/3.4/antlr-runtime-3.4.jar:/Users/Brad/.m2/repository/org/antlr/stringtemplate/3.2.1/stringtemplate-3.2.1.jar:/Users/Brad/.m2/repository/antlr/antlr/2.7.7/antlr-2.7.7.jar:/Users/Brad/.m2/repository/org/slf4j/slf4j-api/1.6.1/slf4j-api-1.6.1.jar:/Users/Brad/.m2/repository/org/slf4j/slf4j-log4j12/1.6.1/slf4j-log4j12-1.6.1.jar:/Users/Brad/.m2/repository/org/apache/zookeeper/zookeeper/3.4.5-cdh4.3.1/zookeeper-3.4.5-cdh4.3.1.jar:/Users/Brad/.m2/repository/jline/jline/0.9.94/jline-0.9.94.jar:/Users/Brad/.m2/repository/com/google/guava/guava/11.0.2/guava-11.0.2.jar:/Users/Brad/.m2/repository/com/google/code/findbugs/jsr305/1.3.9/jsr305-1.3.9.jar:/Users/Brad/.m2/repository/org/apache/thrift/libthrift/0.9.0/libthrift-0.9.0.jar:/Users/Brad/.m2/repository/org/apache/httpcomponents/httpclient/4.1.3/httpclient-4.1.3.jar:/Users/Brad/.m2/repository/org/apache/httpcomponents/httpcore/4.1.3/httpcore-4.1.3.jar:/Users/Brad/.m2/repository/log4j/log4j/1.2.16/log4j-1.2.16.jar:/Users/Brad/.m2/repository/org/json/json/20090211/json-20090211.jar:/Users/Brad/.m2/repository/commons-collections/commons-collections/3.2.1/commons-collections-3.2.1.jar:/Users/Brad/.m2/repository/commons-lang/commons-lang/2.5/commons-lang-2.5.jar:/Users/Brad/.m2/repository/commons-logging/commons-logging/1.1.1/commons-logging-1.1.1.jar:/Users/Brad/.m2/repository/commons-logging/commons-logging-api/1.1/commons-logging-api-1.1.jar:/Users/Brad/.m2/repository/commons-configuration/commons-configuration/1.6/commons-configuration-1.6.jar:/Users/Brad/.m2/repository/commons-digester/commons-digester/1.8/commons-digester-1.8.jar:/Users/Brad/.m2/repository/commons-beanutils/commons-beanutils/1.7.0/commons-beanutils-1.7.0.jar:/Users/Brad/.m2/repository/commons-beanutils/commons-beanutils-core/1.8.0/commons-beanutils-core-1.8.0.jar:/Users/Brad/.m2/repository/org/apache/derby/derby/10.6.1.0/derby-10.6.1.0.jar:/Users/Brad/.m2/repository/com/googlecode/javaewah/JavaEWAH/0.3.2/JavaEWAH-0.3.2.jar:/Users/Brad/.m2/repository/org/datanucleus/datanucleus-connectionpool/2.0.3/datanucleus-connectionpool-2.0.3.jar:/Users/Brad/.m2/repository/org/datanucleus/datanucleus-core/2.0.3/datanucleus-core-2.0.3.jar:/Users/Brad/.m2/repository/org/datanucleus/datanucleus-enhancer/2.0.3/datanucleus-enhancer-2.0.3.jar:/Users/Brad/.m2/repository/org/datanucleus/datanucleus-rdbms/2.0.3/datanucleus-rdbms-2.0.3.jar:/Users/Brad/.m2/repository/com/linkedin/haivvreo/1.0.7-cdh-4/haivvreo-1.0.7-cdh-4.jar:"/>
    <property name="java.specification.name" value="Java Platform API Specification"/>
    <property name="java.class.version" value="51.0"/>
    <property name="sun.management.compiler" value="HotSpot 64-Bit Tiered Compilers"/>
    <property name="os.version" value="10.7.5"/>
    <property name="http.nonProxyHosts" value="local|*.local|169.254/16|*.169.254/16"/>
    <property name="user.home" value="/Users/Brad"/>
    <property name="user.timezone" value=""/>
    <property name="java.awt.printerjob" value="sun.lwawt.macosx.CPrinterJob"/>
    <property name="java.specification.version" value="1.7"/>
    <property name="file.encoding" value="UTF-8"/>
    <property name="user.name" value="Brad"/>
    <property name="java.class.path" value="/Users/Brad/Dropbox/workspace/NeuroHadoop/target/test-classes:/Users/Brad/Dropbox/workspace/NeuroHadoop/target/classes:/Users/Brad/.m2/repository/junit/junit/4.11/junit-4.11.jar:/Users/Brad/.m2/repository/org/hamcrest/hamcrest-core/1.3/hamcrest-core-1.3.jar:/Users/Brad/.m2/repository/org/apache/hadoop/hadoop-client/2.0.0-mr1-cdh4.3.1/hadoop-client-2.0.0-mr1-cdh4.3.1.jar:/Users/Brad/.m2/repository/org/apache/hadoop/hadoop-common/2.0.0-cdh4.3.1/hadoop-common-2.0.0-cdh4.3.1.jar:/Users/Brad/.m2/repository/org/apache/hadoop/hadoop-annotations/2.0.0-cdh4.3.1/hadoop-annotations-2.0.0-cdh4.3.1.jar:/Users/Brad/.m2/repository/org/apache/commons/commons-math/2.1/commons-math-2.1.jar:/Users/Brad/.m2/repository/xmlenc/xmlenc/0.52/xmlenc-0.52.jar:/Users/Brad/.m2/repository/commons-codec/commons-codec/1.4/commons-codec-1.4.jar:/Users/Brad/.m2/repository/commons-io/commons-io/2.1/commons-io-2.1.jar:/Users/Brad/.m2/repository/commons-net/commons-net/3.1/commons-net-3.1.jar:/Users/Brad/.m2/repository/commons-el/commons-el/1.0/commons-el-1.0.jar:/Users/Brad/.m2/repository/org/codehaus/jackson/jackson-core-asl/1.8.8/jackson-core-asl-1.8.8.jar:/Users/Brad/.m2/repository/org/codehaus/jackson/jackson-mapper-asl/1.8.8/jackson-mapper-asl-1.8.8.jar:/Users/Brad/.m2/repository/org/mockito/mockito-all/1.8.5/mockito-all-1.8.5.jar:/Users/Brad/.m2/repository/org/apache/avro/avro/1.7.4/avro-1.7.4.jar:/Users/Brad/.m2/repository/com/thoughtworks/paranamer/paranamer/2.3/paranamer-2.3.jar:/Users/Brad/.m2/repository/org/xerial/snappy/snappy-java/1.0.4.1/snappy-java-1.0.4.1.jar:/Users/Brad/.m2/repository/org/apache/commons/commons-compress/1.4.1/commons-compress-1.4.1.jar:/Users/Brad/.m2/repository/org/tukaani/xz/1.0/xz-1.0.jar:/Users/Brad/.m2/repository/com/google/protobuf/protobuf-java/2.4.0a/protobuf-java-2.4.0a.jar:/Users/Brad/.m2/repository/org/apache/hadoop/hadoop-auth/2.0.0-cdh4.3.1/hadoop-auth-2.0.0-cdh4.3.1.jar:/Users/Brad/.m2/repository/com/jcraft/jsch/0.1.42/jsch-0.1.42.jar:/Users/Brad/.m2/repository/org/apache/hadoop/hadoop-hdfs/2.0.0-cdh4.3.1/hadoop-hdfs-2.0.0-cdh4.3.1.jar:/Users/Brad/.m2/repository/com/sun/jersey/jersey-core/1.8/jersey-core-1.8.jar:/Users/Brad/.m2/repository/com/sun/jersey/jersey-server/1.8/jersey-server-1.8.jar:/Users/Brad/.m2/repository/commons-cli/commons-cli/1.2/commons-cli-1.2.jar:/Users/Brad/.m2/repository/org/apache/hadoop/hadoop-core/2.0.0-mr1-cdh4.3.1/hadoop-core-2.0.0-mr1-cdh4.3.1.jar:/Users/Brad/.m2/repository/hsqldb/hsqldb/1.8.0.10/hsqldb-1.8.0.10.jar:/Users/Brad/.m2/repository/org/apache/hive/hive-exec/0.10.0-cdh4.3.1/hive-exec-0.10.0-cdh4.3.1.jar:/Users/Brad/.m2/repository/org/apache/hive/hive-metastore/0.10.0-cdh4.3.1/hive-metastore-0.10.0-cdh4.3.1.jar:/Users/Brad/.m2/repository/org/apache/hive/hive-serde/0.10.0-cdh4.3.1/hive-serde-0.10.0-cdh4.3.1.jar:/Users/Brad/.m2/repository/org/apache/hive/hive-common/0.10.0-cdh4.3.1/hive-common-0.10.0-cdh4.3.1.jar:/Users/Brad/.m2/repository/org/apache/avro/avro-mapred/1.7.4/avro-mapred-1.7.4-hadoop2.jar:/Users/Brad/.m2/repository/org/apache/avro/avro-ipc/1.7.4/avro-ipc-1.7.4.jar:/Users/Brad/.m2/repository/org/mortbay/jetty/jetty/6.1.26/jetty-6.1.26.jar:/Users/Brad/.m2/repository/org/mortbay/jetty/jetty-util/6.1.26/jetty-util-6.1.26.jar:/Users/Brad/.m2/repository/io/netty/netty/3.4.0.Final/netty-3.4.0.Final.jar:/Users/Brad/.m2/repository/org/apache/velocity/velocity/1.7/velocity-1.7.jar:/Users/Brad/.m2/repository/org/mortbay/jetty/servlet-api/2.5-20081211/servlet-api-2.5-20081211.jar:/Users/Brad/.m2/repository/org/apache/avro/avro-ipc/1.7.4/avro-ipc-1.7.4-tests.jar:/Users/Brad/.m2/repository/commons-dbcp/commons-dbcp/1.4/commons-dbcp-1.4.jar:/Users/Brad/.m2/repository/commons-pool/commons-pool/1.5.4/commons-pool-1.5.4.jar:/Users/Brad/.m2/repository/javax/jdo/jdo2-api/2.3-ec/jdo2-api-2.3-ec.jar:/Users/Brad/.m2/repository/javax/transaction/jta/1.1/jta-1.1.jar:/Users/Brad/.m2/repository/org/apache/thrift/libfb303/0.9.0/libfb303-0.9.0.jar:/Users/Brad/.m2/repository/asm/asm/3.2/asm-3.2.jar:/Users/Brad/.m2/repository/org/apache/hive/hive-shims/0.10.0-cdh4.3.1/hive-shims-0.10.0-cdh4.3.1.jar:/Users/Brad/.m2/repository/org/apache/hive/hive-contrib/0.10.0-cdh4.3.1/hive-contrib-0.10.0-cdh4.3.1.jar:/Users/Brad/.m2/repository/org/antlr/antlr/3.4/antlr-3.4.jar:/Users/Brad/.m2/repository/org/antlr/ST4/4.0.4/ST4-4.0.4.jar:/Users/Brad/.m2/repository/org/antlr/antlr-runtime/3.4/antlr-runtime-3.4.jar:/Users/Brad/.m2/repository/org/antlr/stringtemplate/3.2.1/stringtemplate-3.2.1.jar:/Users/Brad/.m2/repository/antlr/antlr/2.7.7/antlr-2.7.7.jar:/Users/Brad/.m2/repository/org/slf4j/slf4j-api/1.6.1/slf4j-api-1.6.1.jar:/Users/Brad/.m2/repository/org/slf4j/slf4j-log4j12/1.6.1/slf4j-log4j12-1.6.1.jar:/Users/Brad/.m2/repository/org/apache/zookeeper/zookeeper/3.4.5-cdh4.3.1/zookeeper-3.4.5-cdh4.3.1.jar:/Users/Brad/.m2/repository/jline/jline/0.9.94/jline-0.9.94.jar:/Users/Brad/.m2/repository/com/google/guava/guava/11.0.2/guava-11.0.2.jar:/Users/Brad/.m2/repository/com/google/code/findbugs/jsr305/1.3.9/jsr305-1.3.9.jar:/Users/Brad/.m2/repository/org/apache/thrift/libthrift/0.9.0/libthrift-0.9.0.jar:/Users/Brad/.m2/repository/org/apache/httpcomponents/httpclient/4.1.3/httpclient-4.1.3.jar:/Users/Brad/.m2/repository/org/apache/httpcomponents/httpcore/4.1.3/httpcore-4.1.3.jar:/Users/Brad/.m2/repository/log4j/log4j/1.2.16/log4j-1.2.16.jar:/Users/Brad/.m2/repository/org/json/json/20090211/json-20090211.jar:/Users/Brad/.m2/repository/commons-collections/commons-collections/3.2.1/commons-collections-3.2.1.jar:/Users/Brad/.m2/repository/commons-lang/commons-lang/2.5/commons-lang-2.5.jar:/Users/Brad/.m2/repository/commons-logging/commons-logging/1.1.1/commons-logging-1.1.1.jar:/Users/Brad/.m2/repository/commons-logging/commons-logging-api/1.1/commons-logging-api-1.1.jar:/Users/Brad/.m2/repository/commons-configuration/commons-configuration/1.6/commons-configuration-1.6.jar:/Users/Brad/.m2/repository/commons-digester/commons-digester/1.8/commons-digester-1.8.jar:/Users/Brad/.m2/repository/commons-beanutils/commons-beanutils/1.7.0/commons-beanutils-1.7.0.jar:/Users/Brad/.m2/repository/commons-beanutils/commons-beanutils-core/1.8.0/commons-beanutils-core-1.8.0.jar:/Users/Brad/.m2/repository/org/apache/derby/derby/10.6.1.0/derby-10.6.1.0.jar:/Users/Brad/.m2/repository/com/googlecode/javaewah/JavaEWAH/0.3.2/JavaEWAH-0.3.2.jar:/Users/Brad/.m2/repository/org/datanucleus/datanucleus-connectionpool/2.0.3/datanucleus-connectionpool-2.0.3.jar:/Users/Brad/.m2/repository/org/datanucleus/datanucleus-core/2.0.3/datanucleus-core-2.0.3.jar:/Users/Brad/.m2/repository/org/datanucleus/datanucleus-enhancer/2.0.3/datanucleus-enhancer-2.0.3.jar:/Users/Brad/.m2/repository/org/datanucleus/datanucleus-rdbms/2.0.3/datanucleus-rdbms-2.0.3.jar:/Users/Brad/.m2/repository/com/linkedin/haivvreo/1.0.7-cdh-4/haivvreo-1.0.7-cdh-4.jar:"/>
    <property name="java.vm.specification.version" value="1.7"/>
    <property name="sun.arch.data.model" value="64"/>
    <property name="java.home" value="/Library/Java/JavaVirtualMachines/jdk1.7.0_07.jdk/Contents/Home/jre"/>
    <property name="sun.java.command" value="/Users/Brad/Dropbox/workspace/NeuroHadoop/target/surefire/surefirebooter8759298786219562889.jar /Users/Brad/Dropbox/workspace/NeuroHadoop/target/surefire/surefire310656591873256480tmp /Users/Brad/Dropbox/workspace/NeuroHadoop/target/surefire/surefire7329983799330416780tmp"/>
    <property name="java.specification.vendor" value="Oracle Corporation"/>
    <property name="user.language" value="en"/>
    <property name="awt.toolkit" value="sun.lwawt.macosx.LWCToolkit"/>
    <property name="java.vm.info" value="mixed mode"/>
    <property name="java.version" value="1.7.0_07"/>
    <property name="java.ext.dirs" value="/Users/Brad/Library/Java/Extensions:/Library/Java/JavaVirtualMachines/jdk1.7.0_07.jdk/Contents/Home/jre/lib/ext:/Library/Java/Extensions:/Network/Library/Java/Extensions:/System/Library/Java/Extensions:/usr/lib/java"/>
    <property name="sun.boot.class.path" value="/Library/Java/JavaVirtualMachines/jdk1.7.0_07.jdk/Contents/Home/jre/lib/resources.jar:/Library/Java/JavaVirtualMachines/jdk1.7.0_07.jdk/Contents/Home/jre/lib/rt.jar:/Library/Java/JavaVirtualMachines/jdk1.7.0_07.jdk/Contents/Home/jre/lib/sunrsasign.jar:/Library/Java/JavaVirtualMachines/jdk1.7.0_07.jdk/Contents/Home/jre/lib/jsse.jar:/Library/Java/JavaVirtualMachines/jdk1.7.0_07.jdk/Contents/Home/jre/lib/jce.jar:/Library/Java/JavaVirtualMachines/jdk1.7.0_07.jdk/Contents/Home/jre/lib/charsets.jar:/Library/Java/JavaVirtualMachines/jdk1.7.0_07.jdk/Contents/Home/jre/lib/jfr.jar:/Library/Java/JavaVirtualMachines/jdk1.7.0_07.jdk/Contents/Home/jre/lib/JObjC.jar:/Library/Java/JavaVirtualMachines/jdk1.7.0_07.jdk/Contents/Home/jre/classes"/>
    <property name="java.vendor" value="Oracle Corporation"/>
    <property name="localRepository" value="/Users/Brad/.m2/repository"/>
    <property name="file.separator" value="/"/>
    <property name="java.vendor.url.bug" value="http://bugreport.sun.com/bugreport/"/>
    <property name="sun.cpu.endian" value="little"/>
    <property name="sun.io.unicode.encoding" value="UnicodeBig"/>
    <property name="socksNonProxyHosts" value="local|*.local|169.254/16|*.169.254/16"/>
    <property name="ftp.nonProxyHosts" value="local|*.local|169.254/16|*.169.254/16"/>
    <property name="sun.cpu.isalist" value=""/>
  </properties>
  <testcase time="0.001" classname="edu.stthomas.gps.AppTest" name="testApp"/>
</testsuite>